# JRE version: OpenJDK Runtime Environment (11.0.10) (build 11.0.10+0-b96-7249189)
# Java VM: OpenJDK 64-Bit Server VM (11.0.10+0-b96-7249189, mixed mode, tiered, compressed oops, g1 gc, windows-amd64)
Heap:
 garbage-first heap   total 229376K, used 163611K [0x0000000080000000, 0x0000000100000000)
  region size 1024K, 76 young (77824K), 1 survivors (1024K)
 Metaspace       used 114618K, capacity 117978K, committed 118252K, reserved 1150976K
  class space    used 14730K, capacity 16039K, committed 16076K, reserved 1048576K
GC Heap History (20 events):
Event: 8.266 GC heap before
{Heap before GC invocations=8 (full 0):
 garbage-first heap   total 229376K, used 50487K [0x0000000080000000, 0x0000000100000000)
  region size 1024K, 25 young (25600K), 17 survivors (17408K)
 Metaspace       used 58644K, capacity 60125K, committed 60236K, reserved 1101824K
  class space    used 7407K, capacity 7944K, committed 8012K, reserved 1048576K
}
Event: 8.284 GC heap after
{Heap after GC invocations=9 (full 0):
 garbage-first heap   total 229376K, used 44856K [0x0000000080000000, 0x0000000100000000)
  region size 1024K, 2 young (2048K), 2 survivors (2048K)
 Metaspace       used 58644K, capacity 60125K, committed 60236K, reserved 1101824K
  class space    used 7407K, capacity 7944K, committed 8012K, reserved 1048576K
}
Event: 9.357 GC heap before
{Heap before GC invocations=10 (full 0):
 garbage-first heap   total 229376K, used 147256K [0x0000000080000000, 0x0000000100000000)
  region size 1024K, 102 young (104448K), 2 survivors (2048K)
 Metaspace       used 67275K, capacity 68917K, committed 69196K, reserved 1110016K
  class space    used 8583K, capacity 9155K, committed 9292K, reserved 1048576K
}
Event: 9.363 GC heap after
{Heap after GC invocations=11 (full 0):
 garbage-first heap   total 229376K, used 51878K [0x0000000080000000, 0x0000000100000000)
  region size 1024K, 9 young (9216K), 9 survivors (9216K)
 Metaspace       used 67275K, capacity 68917K, committed 69196K, reserved 1110016K
  class space    used 8583K, capacity 9155K, committed 9292K, reserved 1048576K
}
Event: 11.186 GC heap before
{Heap before GC invocations=11 (full 0):
 garbage-first heap   total 229376K, used 155302K [0x0000000080000000, 0x0000000100000000)
  region size 1024K, 110 young (112640K), 9 survivors (9216K)
 Metaspace       used 77950K, capacity 79823K, committed 79948K, reserved 1118208K
  class space    used 10082K, capacity 10771K, committed 10828K, reserved 1048576K
}
Event: 11.198 GC heap after
{Heap after GC invocations=12 (full 0):
 garbage-first heap   total 229376K, used 59956K [0x0000000080000000, 0x0000000100000000)
  region size 1024K, 9 young (9216K), 9 survivors (9216K)
 Metaspace       used 77950K, capacity 79823K, committed 79948K, reserved 1118208K
  class space    used 10082K, capacity 10771K, committed 10828K, reserved 1048576K
}
Event: 12.721 GC heap before
{Heap before GC invocations=12 (full 0):
 garbage-first heap   total 229376K, used 162356K [0x0000000080000000, 0x0000000100000000)
  region size 1024K, 108 young (110592K), 9 survivors (9216K)
 Metaspace       used 83033K, capacity 85208K, committed 85324K, reserved 1122304K
  class space    used 10740K, capacity 11533K, committed 11596K, reserved 1048576K
}
Event: 12.734 GC heap after
{Heap after GC invocations=13 (full 0):
 garbage-first heap   total 229376K, used 76644K [0x0000000080000000, 0x0000000100000000)
  region size 1024K, 14 young (14336K), 14 survivors (14336K)
 Metaspace       used 83033K, capacity 85208K, committed 85324K, reserved 1122304K
  class space    used 10740K, capacity 11533K, committed 11596K, reserved 1048576K
}
Event: 13.684 GC heap before
{Heap before GC invocations=13 (full 0):
 garbage-first heap   total 229376K, used 182116K [0x0000000080000000, 0x0000000100000000)
  region size 1024K, 100 young (102400K), 14 survivors (14336K)
 Metaspace       used 86172K, capacity 88392K, committed 88652K, reserved 1126400K
  class space    used 10989K, capacity 11818K, committed 11852K, reserved 1048576K
}
Event: 13.696 GC heap after
{Heap after GC invocations=14 (full 0):
 garbage-first heap   total 229376K, used 83098K [0x0000000080000000, 0x0000000100000000)
  region size 1024K, 7 young (7168K), 7 survivors (7168K)
 Metaspace       used 86172K, capacity 88392K, committed 88652K, reserved 1126400K
  class space    used 10989K, capacity 11818K, committed 11852K, reserved 1048576K
}
Event: 14.425 GC heap before
{Heap before GC invocations=14 (full 0):
 garbage-first heap   total 229376K, used 169114K [0x0000000080000000, 0x0000000100000000)
  region size 1024K, 92 young (94208K), 7 survivors (7168K)
 Metaspace       used 88886K, capacity 91132K, committed 91212K, reserved 1128448K
  class space    used 11195K, capacity 12032K, committed 12108K, reserved 1048576K
}
Event: 14.433 GC heap after
{Heap after GC invocations=15 (full 0):
 garbage-first heap   total 229376K, used 84198K [0x0000000080000000, 0x0000000100000000)
  region size 1024K, 8 young (8192K), 8 survivors (8192K)
 Metaspace       used 88886K, capacity 91132K, committed 91212K, reserved 1128448K
  class space    used 11195K, capacity 12032K, committed 12108K, reserved 1048576K
}
Event: 16.404 GC heap before
{Heap before GC invocations=15 (full 0):
 garbage-first heap   total 229376K, used 172262K [0x0000000080000000, 0x0000000100000000)
  region size 1024K, 95 young (97280K), 8 survivors (8192K)
 Metaspace       used 93831K, capacity 96107K, committed 96460K, reserved 1132544K
  class space    used 11788K, capacity 12645K, committed 12748K, reserved 1048576K
}
Event: 16.416 GC heap after
{Heap after GC invocations=16 (full 0):
 garbage-first heap   total 229376K, used 91363K [0x0000000080000000, 0x0000000100000000)
  region size 1024K, 11 young (11264K), 11 survivors (11264K)
 Metaspace       used 93831K, capacity 96107K, committed 96460K, reserved 1132544K
  class space    used 11788K, capacity 12645K, committed 12748K, reserved 1048576K
}
Event: 17.192 GC heap before
{Heap before GC invocations=16 (full 0):
 garbage-first heap   total 229376K, used 157923K [0x0000000080000000, 0x0000000100000000)
  region size 1024K, 78 young (79872K), 11 survivors (11264K)
 Metaspace       used 98309K, capacity 100692K, committed 100820K, reserved 1136640K
  class space    used 12384K, capacity 13275K, committed 13388K, reserved 1048576K
}
Event: 17.206 GC heap after
{Heap after GC invocations=17 (full 0):
 garbage-first heap   total 229376K, used 93883K [0x0000000080000000, 0x0000000100000000)
  region size 1024K, 5 young (5120K), 5 survivors (5120K)
 Metaspace       used 98309K, capacity 100692K, committed 100820K, reserved 1136640K
  class space    used 12384K, capacity 13275K, committed 13388K, reserved 1048576K
}
Event: 18.662 GC heap before
{Heap before GC invocations=18 (full 0):
 garbage-first heap   total 229376K, used 180923K [0x0000000080000000, 0x0000000100000000)
  region size 1024K, 88 young (90112K), 5 survivors (5120K)
 Metaspace       used 104282K, capacity 106594K, committed 106860K, reserved 1142784K
  class space    used 12965K, capacity 13825K, committed 13900K, reserved 1048576K
}
Event: 18.666 GC heap after
{Heap after GC invocations=19 (full 0):
 garbage-first heap   total 229376K, used 95200K [0x0000000080000000, 0x0000000100000000)
  region size 1024K, 5 young (5120K), 5 survivors (5120K)
 Metaspace       used 104282K, capacity 106594K, committed 106860K, reserved 1142784K
  class space    used 12965K, capacity 13825K, committed 13900K, reserved 1048576K
}
Event: 18.740 GC heap before
{Heap before GC invocations=19 (full 0):
 garbage-first heap   total 229376K, used 100320K [0x0000000080000000, 0x0000000100000000)
  region size 1024K, 11 young (11264K), 5 survivors (5120K)
 Metaspace       used 104918K, capacity 107343K, committed 107500K, reserved 1142784K
  class space    used 13063K, capacity 13958K, committed 14028K, reserved 1048576K
}
Event: 18.746 GC heap after
{Heap after GC invocations=20 (full 0):
 garbage-first heap   total 229376K, used 88859K [0x0000000080000000, 0x0000000100000000)
  region size 1024K, 1 young (1024K), 1 survivors (1024K)
 Metaspace       used 104918K, capacity 107343K, committed 107500K, reserved 1142784K
  class space    used 13063K, capacity 13958K, committed 14028K, reserved 1048576K
}

